<?xml version="1.0" encoding="UTF-8"?>
<testng-results ignored="0" total="3" passed="3" failed="0" skipped="0">
  <reporter-output>
  </reporter-output>
  <suite started-at="2023-11-08T16:21:19 PST" name="Default suite" finished-at="2023-11-08T16:21:24 PST" duration-ms="4588">
    <groups>
    </groups>
    <test started-at="2023-11-08T16:21:19 PST" name="Default test" finished-at="2023-11-08T16:21:24 PST" duration-ms="4588">
      <class name="files.DynamicJson">
        <test-method signature="addBook(java.lang.String,java.lang.String)[pri:0, instance:files.DynamicJson@36916eb0]" started-at="2023-11-08T16:21:19 PST" name="addBook" data-provider="BooksData" finished-at="2023-11-08T16:21:23 PST" duration-ms="3253" status="PASS">
          <params>
            <param index="0">
              <value>
                <![CDATA[ghft]]>
              </value>
            </param>
            <param index="1">
              <value>
                <![CDATA[897]]>
              </value>
            </param>
          </params>
          <reporter-output>
          </reporter-output>
        </test-method> <!-- addBook -->
        <test-method signature="addBook(java.lang.String,java.lang.String)[pri:0, instance:files.DynamicJson@36916eb0]" started-at="2023-11-08T16:21:23 PST" name="addBook" data-provider="BooksData" finished-at="2023-11-08T16:21:23 PST" duration-ms="654" status="PASS">
          <params>
            <param index="0">
              <value>
                <![CDATA[Trhsd]]>
              </value>
            </param>
            <param index="1">
              <value>
                <![CDATA[674]]>
              </value>
            </param>
          </params>
          <reporter-output>
          </reporter-output>
        </test-method> <!-- addBook -->
        <test-method signature="addBook(java.lang.String,java.lang.String)[pri:0, instance:files.DynamicJson@36916eb0]" started-at="2023-11-08T16:21:23 PST" name="addBook" data-provider="BooksData" finished-at="2023-11-08T16:21:24 PST" duration-ms="617" status="PASS">
          <params>
            <param index="0">
              <value>
                <![CDATA[vhas]]>
              </value>
            </param>
            <param index="1">
              <value>
                <![CDATA[8978]]>
              </value>
            </param>
          </params>
          <reporter-output>
          </reporter-output>
        </test-method> <!-- addBook -->
      </class> <!-- files.DynamicJson -->
    </test> <!-- Default test -->
  </suite> <!-- Default suite -->
</testng-results>
